<?xml version="1.0" encoding="UTF-8" ?>
<testsuite tests="53" failures="2" name="com.Xbiom.testdatadriverscript.TestDataDriverScript" time="43.654" errors="0" skipped="51">
  <properties>
    <property name="java.runtime.name" value="Java(TM) SE Runtime Environment"/>
    <property name="sun.boot.library.path" value="C:\Program Files\Java\jdk1.8.0_181\jre\bin"/>
    <property name="java.vm.version" value="25.181-b13"/>
    <property name="java.vm.vendor" value="Oracle Corporation"/>
    <property name="maven.multiModuleProjectDirectory" value="F:\selniumWorkspace\dummyartefact"/>
    <property name="java.vendor.url" value="http://java.oracle.com/"/>
    <property name="path.separator" value=";"/>
    <property name="guice.disable.misplaced.annotation.check" value="true"/>
    <property name="java.vm.name" value="Java HotSpot(TM) 64-Bit Server VM"/>
    <property name="file.encoding.pkg" value="sun.io"/>
    <property name="user.script" value=""/>
    <property name="user.country" value="IN"/>
    <property name="sun.java.launcher" value="SUN_STANDARD"/>
    <property name="sun.os.patch.level" value=""/>
    <property name="java.vm.specification.name" value="Java Virtual Machine Specification"/>
    <property name="user.dir" value="F:\selniumWorkspace\dummyartefact"/>
    <property name="java.runtime.version" value="1.8.0_181-b13"/>
    <property name="java.awt.graphicsenv" value="sun.awt.Win32GraphicsEnvironment"/>
    <property name="java.endorsed.dirs" value="C:\Program Files\Java\jdk1.8.0_181\jre\lib\endorsed"/>
    <property name="os.arch" value="amd64"/>
    <property name="java.io.tmpdir" value="C:\Users\goldy\AppData\Local\Temp\"/>
    <property name="line.separator" value="
"/>
    <property name="java.vm.specification.vendor" value="Oracle Corporation"/>
    <property name="user.variant" value=""/>
    <property name="os.name" value="Windows 10"/>
    <property name="classworlds.conf" value="F:\TOOLS\JENKINS\tools\hudson.tasks.Maven_MavenInstallation\M2_HOME\bin\..\bin\m2.conf"/>
    <property name="sun.jnu.encoding" value="Cp1252"/>
    <property name="java.library.path" value="C:\Program Files\Java\jdk1.8.0_181\bin;C:\WINDOWS\Sun\Java\bin;C:\WINDOWS\system32;C:\WINDOWS;F:\TOOLS\JENKINS\tools\hudson.tasks.Maven_MavenInstallation\M2_HOME/bin;C:\Program Files\Java\jdk1.8.0_181/bin;C:\Program Files\Java\jdk1.8.0_181/bin;%JAVA_HOME%\bin;C:\Program Files\PuTTY\;C:\Program Files\Java\jdk1.8.0_181\bin;&quot;%JRE_HOME%\bin;%CATALINA_HOME%\lib&quot;;C:\Program Files\Java\jre1.8.0_191\bin;C:\Program Files\Git\cmd;C:\Program Files\Java\jdk1.8.0_181\bin;C:\Users\goldy\AppData\Local\Microsoft\WindowsApps;;."/>
    <property name="maven.conf" value="F:\TOOLS\JENKINS\tools\hudson.tasks.Maven_MavenInstallation\M2_HOME\bin\../conf"/>
    <property name="java.specification.name" value="Java Platform API Specification"/>
    <property name="java.class.version" value="52.0"/>
    <property name="sun.management.compiler" value="HotSpot 64-Bit Tiered Compilers"/>
    <property name="os.version" value="10.0"/>
    <property name="library.jansi.path" value="F:\TOOLS\JENKINS\tools\hudson.tasks.Maven_MavenInstallation\M2_HOME\bin\..\lib\jansi-native"/>
    <property name="user.home" value="C:\Users\goldy"/>
    <property name="user.timezone" value="Asia/Calcutta"/>
    <property name="java.awt.printerjob" value="sun.awt.windows.WPrinterJob"/>
    <property name="java.specification.version" value="1.8"/>
    <property name="file.encoding" value="Cp1252"/>
    <property name="user.name" value="goldy"/>
    <property name="java.class.path" value="F:\TOOLS\JENKINS\tools\hudson.tasks.Maven_MavenInstallation\M2_HOME\bin\..\boot\plexus-classworlds-2.5.2.jar"/>
    <property name="java.vm.specification.version" value="1.8"/>
    <property name="sun.arch.data.model" value="64"/>
    <property name="java.home" value="C:\Program Files\Java\jdk1.8.0_181\jre"/>
    <property name="sun.java.command" value="org.codehaus.plexus.classworlds.launcher.Launcher -f pom.xml test"/>
    <property name="java.specification.vendor" value="Oracle Corporation"/>
    <property name="user.language" value="en"/>
    <property name="awt.toolkit" value="sun.awt.windows.WToolkit"/>
    <property name="java.vm.info" value="mixed mode"/>
    <property name="java.version" value="1.8.0_181"/>
    <property name="java.ext.dirs" value="C:\Program Files\Java\jdk1.8.0_181\jre\lib\ext;C:\WINDOWS\Sun\Java\lib\ext"/>
    <property name="sun.boot.class.path" value="C:\Program Files\Java\jdk1.8.0_181\jre\lib\resources.jar;C:\Program Files\Java\jdk1.8.0_181\jre\lib\rt.jar;C:\Program Files\Java\jdk1.8.0_181\jre\lib\sunrsasign.jar;C:\Program Files\Java\jdk1.8.0_181\jre\lib\jsse.jar;C:\Program Files\Java\jdk1.8.0_181\jre\lib\jce.jar;C:\Program Files\Java\jdk1.8.0_181\jre\lib\charsets.jar;C:\Program Files\Java\jdk1.8.0_181\jre\lib\jfr.jar;C:\Program Files\Java\jdk1.8.0_181\jre\classes"/>
    <property name="java.vendor" value="Oracle Corporation"/>
    <property name="maven.home" value="F:\TOOLS\JENKINS\tools\hudson.tasks.Maven_MavenInstallation\M2_HOME\bin\.."/>
    <property name="file.separator" value="\"/>
    <property name="java.vendor.url.bug" value="http://bugreport.sun.com/bugreport/"/>
    <property name="sun.cpu.endian" value="little"/>
    <property name="sun.io.unicode.encoding" value="UnicodeLittle"/>
    <property name="sun.desktop" value="windows"/>
    <property name="sun.cpu.isalist" value="amd64"/>
  </properties>
  <testcase classname="com.Xbiom.testdatadriverscript.TestDataDriverScript" name="testLogin" time="10.469">
    <failure message="unknown error: unhandled inspector error: {&quot;code&quot;:-32000,&quot;message&quot;:&quot;No target with given id&quot;}
  (Session info: chrome=72.0.3626.96)
  (Driver info: chromedriver=2.45.615291 (ec3682e3c9061c10f26ea9e5cdcf3c53f3f74387),platform=Windows NT 10.0.17134 x86_64) (WARNING: The server did not provide any stacktrace information)
Command duration or timeout: 0 milliseconds
Build info: version: &apos;3.14.0&apos;, revision: &apos;aacccce0&apos;, time: &apos;2018-08-02T20:19:58.91Z&apos;
System info: host: &apos;LAPTOP-8SJQF4RD&apos;, ip: &apos;192.168.1.112&apos;, os.name: &apos;Windows 10&apos;, os.arch: &apos;amd64&apos;, os.version: &apos;10.0&apos;, java.version: &apos;1.8.0_181&apos;
Driver info: org.openqa.selenium.chrome.ChromeDriver
Capabilities {acceptInsecureCerts: false, acceptSslCerts: false, applicationCacheEnabled: false, browserConnectionEnabled: false, browserName: chrome, chrome: {chromedriverVersion: 2.45.615291 (ec3682e3c9061c..., userDataDir: C:\Users\goldy\AppData\Loca...}, cssSelectorsEnabled: true, databaseEnabled: false, goog:chromeOptions: {debuggerAddress: localhost:52459}, handlesAlerts: true, hasTouchScreen: false, javascriptEnabled: true, locationContextEnabled: true, mobileEmulationEnabled: false, nativeEvents: true, networkConnectionEnabled: false, pageLoadStrategy: normal, platform: XP, platformName: XP, proxy: Proxy(), rotatable: false, setWindowRect: true, strictFileInteractability: false, takesHeapSnapshot: true, takesScreenshot: true, timeouts: {implicit: 0, pageLoad: 300000, script: 30000}, unexpectedAlertBehaviour: ignore, unhandledPromptBehavior: ignore, version: 72.0.3626.96, webStorageEnabled: true}
Session ID: 528f732aed4e64d1faae291f0328c37a" type="org.openqa.selenium.WebDriverException">org.openqa.selenium.WebDriverException: unknown error: unhandled inspector error: {&quot;code&quot;:-32000,&quot;message&quot;:&quot;No target with given id&quot;}
  (Session info: chrome=72.0.3626.96)
  (Driver info: chromedriver=2.45.615291 (ec3682e3c9061c10f26ea9e5cdcf3c53f3f74387),platform=Windows NT 10.0.17134 x86_64) (WARNING: The server did not provide any stacktrace information)
Command duration or timeout: 0 milliseconds
Build info: version: &apos;3.14.0&apos;, revision: &apos;aacccce0&apos;, time: &apos;2018-08-02T20:19:58.91Z&apos;
System info: host: &apos;LAPTOP-8SJQF4RD&apos;, ip: &apos;192.168.1.112&apos;, os.name: &apos;Windows 10&apos;, os.arch: &apos;amd64&apos;, os.version: &apos;10.0&apos;, java.version: &apos;1.8.0_181&apos;
Driver info: org.openqa.selenium.chrome.ChromeDriver
Capabilities {acceptInsecureCerts: false, acceptSslCerts: false, applicationCacheEnabled: false, browserConnectionEnabled: false, browserName: chrome, chrome: {chromedriverVersion: 2.45.615291 (ec3682e3c9061c..., userDataDir: C:\Users\goldy\AppData\Loca...}, cssSelectorsEnabled: true, databaseEnabled: false, goog:chromeOptions: {debuggerAddress: localhost:52459}, handlesAlerts: true, hasTouchScreen: false, javascriptEnabled: true, locationContextEnabled: true, mobileEmulationEnabled: false, nativeEvents: true, networkConnectionEnabled: false, pageLoadStrategy: normal, platform: XP, platformName: XP, proxy: Proxy(), rotatable: false, setWindowRect: true, strictFileInteractability: false, takesHeapSnapshot: true, takesScreenshot: true, timeouts: {implicit: 0, pageLoad: 300000, script: 30000}, unexpectedAlertBehaviour: ignore, unhandledPromptBehavior: ignore, version: 72.0.3626.96, webStorageEnabled: true}
Session ID: 528f732aed4e64d1faae291f0328c37a
	at sun.reflect.NativeConstructorAccessorImpl.newInstance0(Native Method)
	at sun.reflect.NativeConstructorAccessorImpl.newInstance(NativeConstructorAccessorImpl.java:62)
	at sun.reflect.DelegatingConstructorAccessorImpl.newInstance(DelegatingConstructorAccessorImpl.java:45)
	at java.lang.reflect.Constructor.newInstance(Constructor.java:423)
	at org.openqa.selenium.remote.ErrorHandler.createThrowable(ErrorHandler.java:214)
	at org.openqa.selenium.remote.ErrorHandler.throwIfResponseFailed(ErrorHandler.java:166)
	at org.openqa.selenium.remote.http.JsonHttpResponseCodec.reconstructValue(JsonHttpResponseCodec.java:40)
	at org.openqa.selenium.remote.http.AbstractHttpResponseCodec.decode(AbstractHttpResponseCodec.java:80)
	at org.openqa.selenium.remote.http.AbstractHttpResponseCodec.decode(AbstractHttpResponseCodec.java:44)
	at org.openqa.selenium.remote.HttpCommandExecutor.execute(HttpCommandExecutor.java:158)
	at org.openqa.selenium.remote.service.DriverCommandExecutor.execute(DriverCommandExecutor.java:83)
	at org.openqa.selenium.remote.RemoteWebDriver.execute(RemoteWebDriver.java:548)
	at org.openqa.selenium.remote.RemoteWebDriver.execute(RemoteWebDriver.java:605)
	at org.openqa.selenium.remote.RemoteWebDriver$RemoteWebDriverOptions$RemoteWindow.maximize(RemoteWebDriver.java:833)
	at com.Xbiom.testBase.TestBase.getUrl(TestBase.java:128)
	at com.Xbiom.testdatadriverscript.TestDataDriverScript.testLogin(TestDataDriverScript.java:27)
</failure>
    <system-out>Configuring TestNG with: org.apache.maven.surefire.testng.conf.TestNG652Configurator@e73f9ac
F:\selniumWorkspace\dummyartefact
F:\selniumWorkspace\dummyartefact/resources/testData.xlsx
0,0,sandeepjaiswal1810@gmail.com
0,1,iitjee2010
0,2,yes

1,0,goldy15123@gmail.com
1,1,iitjee2010
1,2,yes

2,0,sandeepjaiswal1810@gmail.com
2,1,iitjee2010
2,2,yes

3,0,goldy15123@gmail.com
3,1,iitjee2010
3,2,yes

4,0,sandeepjaiswal1810@gmail.com
4,1,iitjee2010
4,2,yes

5,0,goldy15123@gmail.com
5,1,iitjee2010
5,2,yes

6,0,sandeepjaiswal1810@gmail.com
6,1,iitjee2010
6,2,yes

7,0,goldy15123@gmail.com
7,1,iitjee2010
7,2,yes

8,0,sandeepjaiswal1810@gmail.com
8,1,iitjee2010
8,2,yes

9,0,goldy15123@gmail.com
9,1,iitjee2010
9,2,yes

10,0,sandeepjaiswal1810@gmail.com
10,1,iitjee2010
10,2,yes

11,0,goldy15123@gmail.com
11,1,iitjee2010
11,2,yes

12,0,sandeepjaiswal1810@gmail.com
12,1,iitjee2010
12,2,yes

13,0,goldy15123@gmail.com
13,1,iitjee2010
13,2,yes

14,0,sandeepjaiswal1810@gmail.com
14,1,iitjee2010
14,2,yes

15,0,goldy15123@gmail.com
15,1,iitjee2010
15,2,yes

16,0,sandeepjaiswal1810@gmail.com
16,1,iitjee2010
16,2,yes

17,0,goldy15123@gmail.com
17,1,iitjee2010
17,2,yes

2019-02-18 20:02:585 INFO  TestBase:25 -loading properties file
</system-out>
    <system-err>log4j:WARN No such property [conversionpattern] in org.apache.log4j.PatternLayout.
log4j:WARN No such property [maxfilesize] in org.apache.log4j.FileAppender.
Starting ChromeDriver 2.45.615291 (ec3682e3c9061c10f26ea9e5cdcf3c53f3f74387) on port 16284
Only local connections are allowed.
Feb 18, 2019 8:45:52 PM org.openqa.selenium.remote.ProtocolHandshake createSession
INFO: Detected dialect: OSS
</system-err>
  </testcase>
  <testcase classname="com.Xbiom.testdatadriverscript.TestDataDriverScript" name="afterMethod" time="16.546">
    <failure message="chrome not reachable
  (Session info: chrome=72.0.3626.96)
  (Driver info: chromedriver=2.45.615291 (ec3682e3c9061c10f26ea9e5cdcf3c53f3f74387),platform=Windows NT 10.0.17134 x86_64) (WARNING: The server did not provide any stacktrace information)
Command duration or timeout: 0 milliseconds
Build info: version: &apos;3.14.0&apos;, revision: &apos;aacccce0&apos;, time: &apos;2018-08-02T20:19:58.91Z&apos;
System info: host: &apos;LAPTOP-8SJQF4RD&apos;, ip: &apos;192.168.1.112&apos;, os.name: &apos;Windows 10&apos;, os.arch: &apos;amd64&apos;, os.version: &apos;10.0&apos;, java.version: &apos;1.8.0_181&apos;
Driver info: org.openqa.selenium.chrome.ChromeDriver
Capabilities {acceptInsecureCerts: false, acceptSslCerts: false, applicationCacheEnabled: false, browserConnectionEnabled: false, browserName: chrome, chrome: {chromedriverVersion: 2.45.615291 (ec3682e3c9061c..., userDataDir: C:\Users\goldy\AppData\Loca...}, cssSelectorsEnabled: true, databaseEnabled: false, goog:chromeOptions: {debuggerAddress: localhost:52459}, handlesAlerts: true, hasTouchScreen: false, javascriptEnabled: true, locationContextEnabled: true, mobileEmulationEnabled: false, nativeEvents: true, networkConnectionEnabled: false, pageLoadStrategy: normal, platform: XP, platformName: XP, proxy: Proxy(), rotatable: false, setWindowRect: true, strictFileInteractability: false, takesHeapSnapshot: true, takesScreenshot: true, timeouts: {implicit: 0, pageLoad: 300000, script: 30000}, unexpectedAlertBehaviour: ignore, unhandledPromptBehavior: ignore, version: 72.0.3626.96, webStorageEnabled: true}
Session ID: 528f732aed4e64d1faae291f0328c37a" type="org.openqa.selenium.WebDriverException">org.openqa.selenium.WebDriverException: chrome not reachable
  (Session info: chrome=72.0.3626.96)
  (Driver info: chromedriver=2.45.615291 (ec3682e3c9061c10f26ea9e5cdcf3c53f3f74387),platform=Windows NT 10.0.17134 x86_64) (WARNING: The server did not provide any stacktrace information)
Command duration or timeout: 0 milliseconds
Build info: version: &apos;3.14.0&apos;, revision: &apos;aacccce0&apos;, time: &apos;2018-08-02T20:19:58.91Z&apos;
System info: host: &apos;LAPTOP-8SJQF4RD&apos;, ip: &apos;192.168.1.112&apos;, os.name: &apos;Windows 10&apos;, os.arch: &apos;amd64&apos;, os.version: &apos;10.0&apos;, java.version: &apos;1.8.0_181&apos;
Driver info: org.openqa.selenium.chrome.ChromeDriver
Capabilities {acceptInsecureCerts: false, acceptSslCerts: false, applicationCacheEnabled: false, browserConnectionEnabled: false, browserName: chrome, chrome: {chromedriverVersion: 2.45.615291 (ec3682e3c9061c..., userDataDir: C:\Users\goldy\AppData\Loca...}, cssSelectorsEnabled: true, databaseEnabled: false, goog:chromeOptions: {debuggerAddress: localhost:52459}, handlesAlerts: true, hasTouchScreen: false, javascriptEnabled: true, locationContextEnabled: true, mobileEmulationEnabled: false, nativeEvents: true, networkConnectionEnabled: false, pageLoadStrategy: normal, platform: XP, platformName: XP, proxy: Proxy(), rotatable: false, setWindowRect: true, strictFileInteractability: false, takesHeapSnapshot: true, takesScreenshot: true, timeouts: {implicit: 0, pageLoad: 300000, script: 30000}, unexpectedAlertBehaviour: ignore, unhandledPromptBehavior: ignore, version: 72.0.3626.96, webStorageEnabled: true}
Session ID: 528f732aed4e64d1faae291f0328c37a
	at sun.reflect.NativeConstructorAccessorImpl.newInstance0(Native Method)
	at sun.reflect.NativeConstructorAccessorImpl.newInstance(NativeConstructorAccessorImpl.java:62)
	at sun.reflect.DelegatingConstructorAccessorImpl.newInstance(DelegatingConstructorAccessorImpl.java:45)
	at java.lang.reflect.Constructor.newInstance(Constructor.java:423)
	at org.openqa.selenium.remote.ErrorHandler.createThrowable(ErrorHandler.java:214)
	at org.openqa.selenium.remote.ErrorHandler.throwIfResponseFailed(ErrorHandler.java:166)
	at org.openqa.selenium.remote.http.JsonHttpResponseCodec.reconstructValue(JsonHttpResponseCodec.java:40)
	at org.openqa.selenium.remote.http.AbstractHttpResponseCodec.decode(AbstractHttpResponseCodec.java:80)
	at org.openqa.selenium.remote.http.AbstractHttpResponseCodec.decode(AbstractHttpResponseCodec.java:44)
	at org.openqa.selenium.remote.HttpCommandExecutor.execute(HttpCommandExecutor.java:158)
	at org.openqa.selenium.remote.service.DriverCommandExecutor.execute(DriverCommandExecutor.java:83)
	at org.openqa.selenium.remote.RemoteWebDriver.execute(RemoteWebDriver.java:548)
	at org.openqa.selenium.remote.RemoteWebDriver.execute(RemoteWebDriver.java:605)
	at org.openqa.selenium.remote.RemoteWebDriver.getScreenshotAs(RemoteWebDriver.java:294)
	at com.Xbiom.testBase.TestBase.getScreenShot(TestBase.java:153)
	at com.Xbiom.testBase.TestBase.getresult(TestBase.java:81)
	at com.Xbiom.testBase.TestBase.afterMethod(TestBase.java:58)
	at sun.reflect.NativeMethodAccessorImpl.invoke0(Native Method)
	at sun.reflect.NativeMethodAccessorImpl.invoke(NativeMethodAccessorImpl.java:62)
	at sun.reflect.DelegatingMethodAccessorImpl.invoke(DelegatingMethodAccessorImpl.java:43)
	at java.lang.reflect.Method.invoke(Method.java:498)
	at org.testng.internal.MethodInvocationHelper.invokeMethod(MethodInvocationHelper.java:104)
	at org.testng.internal.Invoker.invokeConfigurationMethod(Invoker.java:515)
	at org.testng.internal.Invoker.invokeConfigurations(Invoker.java:217)
	at org.testng.internal.Invoker.invokeMethod(Invoker.java:712)
	at org.testng.internal.Invoker.invokeTestMethod(Invoker.java:851)
	at org.testng.internal.Invoker.invokeTestMethods(Invoker.java:1177)
	at org.testng.internal.TestMethodWorker.invokeTestMethods(TestMethodWorker.java:129)
	at org.testng.internal.TestMethodWorker.run(TestMethodWorker.java:112)
	at org.testng.TestRunner.privateRun(TestRunner.java:756)
	at org.testng.TestRunner.run(TestRunner.java:610)
	at org.testng.SuiteRunner.runTest(SuiteRunner.java:387)
	at org.testng.SuiteRunner.runSequentially(SuiteRunner.java:382)
	at org.testng.SuiteRunner.privateRun(SuiteRunner.java:340)
	at org.testng.SuiteRunner.run(SuiteRunner.java:289)
	at org.testng.SuiteRunnerWorker.runSuite(SuiteRunnerWorker.java:52)
	at org.testng.SuiteRunnerWorker.run(SuiteRunnerWorker.java:86)
	at org.testng.TestNG.runSuitesSequentially(TestNG.java:1293)
	at org.testng.TestNG.runSuitesLocally(TestNG.java:1218)
	at org.testng.TestNG.runSuites(TestNG.java:1133)
	at org.testng.TestNG.run(TestNG.java:1104)
	at org.apache.maven.surefire.testng.TestNGExecutor.run(TestNGExecutor.java:77)
	at org.apache.maven.surefire.testng.TestNGDirectoryTestSuite.execute(TestNGDirectoryTestSuite.java:110)
	at org.apache.maven.surefire.testng.TestNGProvider.invoke(TestNGProvider.java:106)
	at sun.reflect.NativeMethodAccessorImpl.invoke0(Native Method)
	at sun.reflect.NativeMethodAccessorImpl.invoke(NativeMethodAccessorImpl.java:62)
	at sun.reflect.DelegatingMethodAccessorImpl.invoke(DelegatingMethodAccessorImpl.java:43)
	at java.lang.reflect.Method.invoke(Method.java:498)
	at org.apache.maven.surefire.util.ReflectionUtils.invokeMethodWithArray(ReflectionUtils.java:189)
	at org.apache.maven.surefire.booter.ProviderFactory$ProviderProxy.invoke(ProviderFactory.java:165)
	at org.apache.maven.surefire.booter.ProviderFactory.invokeProvider(ProviderFactory.java:85)
	at org.apache.maven.surefire.booter.ForkedBooter.runSuitesInProcess(ForkedBooter.java:115)
	at org.apache.maven.surefire.booter.ForkedBooter.main(ForkedBooter.java:75)
</failure>
    <system-err>[1550502955.961][WARNING]: Timed out connecting to Chrome, retrying...
</system-err>
  </testcase>
  <testcase classname="com.Xbiom.testdatadriverscript.TestDataDriverScript" name="beforeMethod" time="16.547">
    <skipped/>
  </testcase>
  <testcase classname="com.Xbiom.testdatadriverscript.TestDataDriverScript" name="testLogin" time="0.001">
    <skipped/>
  </testcase>
  <testcase classname="com.Xbiom.testdatadriverscript.TestDataDriverScript" name="afterMethod" time="0.001">
    <skipped/>
  </testcase>
  <testcase classname="com.Xbiom.testdatadriverscript.TestDataDriverScript" name="beforeMethod" time="0.002">
    <skipped/>
  </testcase>
  <testcase classname="com.Xbiom.testdatadriverscript.TestDataDriverScript" name="testLogin" time="0">
    <skipped/>
  </testcase>
  <testcase classname="com.Xbiom.testdatadriverscript.TestDataDriverScript" name="afterMethod" time="0.001">
    <skipped/>
  </testcase>
  <testcase classname="com.Xbiom.testdatadriverscript.TestDataDriverScript" name="beforeMethod" time="0.001">
    <skipped/>
  </testcase>
  <testcase classname="com.Xbiom.testdatadriverscript.TestDataDriverScript" name="testLogin" time="0">
    <skipped/>
  </testcase>
  <testcase classname="com.Xbiom.testdatadriverscript.TestDataDriverScript" name="afterMethod" time="0">
    <skipped/>
  </testcase>
  <testcase classname="com.Xbiom.testdatadriverscript.TestDataDriverScript" name="beforeMethod" time="0">
    <skipped/>
  </testcase>
  <testcase classname="com.Xbiom.testdatadriverscript.TestDataDriverScript" name="testLogin" time="0">
    <skipped/>
  </testcase>
  <testcase classname="com.Xbiom.testdatadriverscript.TestDataDriverScript" name="afterMethod" time="0.001">
    <skipped/>
  </testcase>
  <testcase classname="com.Xbiom.testdatadriverscript.TestDataDriverScript" name="beforeMethod" time="0.001">
    <skipped/>
  </testcase>
  <testcase classname="com.Xbiom.testdatadriverscript.TestDataDriverScript" name="testLogin" time="0.001">
    <skipped/>
  </testcase>
  <testcase classname="com.Xbiom.testdatadriverscript.TestDataDriverScript" name="afterMethod" time="0.001">
    <skipped/>
  </testcase>
  <testcase classname="com.Xbiom.testdatadriverscript.TestDataDriverScript" name="beforeMethod" time="0.001">
    <skipped/>
  </testcase>
  <testcase classname="com.Xbiom.testdatadriverscript.TestDataDriverScript" name="testLogin" time="0">
    <skipped/>
  </testcase>
  <testcase classname="com.Xbiom.testdatadriverscript.TestDataDriverScript" name="afterMethod" time="0.001">
    <skipped/>
  </testcase>
  <testcase classname="com.Xbiom.testdatadriverscript.TestDataDriverScript" name="beforeMethod" time="0.001">
    <skipped/>
  </testcase>
  <testcase classname="com.Xbiom.testdatadriverscript.TestDataDriverScript" name="testLogin" time="0">
    <skipped/>
  </testcase>
  <testcase classname="com.Xbiom.testdatadriverscript.TestDataDriverScript" name="afterMethod" time="0">
    <skipped/>
  </testcase>
  <testcase classname="com.Xbiom.testdatadriverscript.TestDataDriverScript" name="beforeMethod" time="0">
    <skipped/>
  </testcase>
  <testcase classname="com.Xbiom.testdatadriverscript.TestDataDriverScript" name="testLogin" time="0.001">
    <skipped/>
  </testcase>
  <testcase classname="com.Xbiom.testdatadriverscript.TestDataDriverScript" name="afterMethod" time="0.002">
    <skipped/>
  </testcase>
  <testcase classname="com.Xbiom.testdatadriverscript.TestDataDriverScript" name="beforeMethod" time="0.005">
    <skipped/>
  </testcase>
  <testcase classname="com.Xbiom.testdatadriverscript.TestDataDriverScript" name="testLogin" time="0">
    <skipped/>
  </testcase>
  <testcase classname="com.Xbiom.testdatadriverscript.TestDataDriverScript" name="afterMethod" time="0.001">
    <skipped/>
  </testcase>
  <testcase classname="com.Xbiom.testdatadriverscript.TestDataDriverScript" name="beforeMethod" time="0.002">
    <skipped/>
  </testcase>
  <testcase classname="com.Xbiom.testdatadriverscript.TestDataDriverScript" name="testLogin" time="0.001">
    <skipped/>
  </testcase>
  <testcase classname="com.Xbiom.testdatadriverscript.TestDataDriverScript" name="afterMethod" time="0.003">
    <skipped/>
  </testcase>
  <testcase classname="com.Xbiom.testdatadriverscript.TestDataDriverScript" name="beforeMethod" time="0.004">
    <skipped/>
  </testcase>
  <testcase classname="com.Xbiom.testdatadriverscript.TestDataDriverScript" name="testLogin" time="0.001">
    <skipped/>
  </testcase>
  <testcase classname="com.Xbiom.testdatadriverscript.TestDataDriverScript" name="afterMethod" time="0.002">
    <skipped/>
  </testcase>
  <testcase classname="com.Xbiom.testdatadriverscript.TestDataDriverScript" name="beforeMethod" time="0.008">
    <skipped/>
  </testcase>
  <testcase classname="com.Xbiom.testdatadriverscript.TestDataDriverScript" name="testLogin" time="0">
    <skipped/>
  </testcase>
  <testcase classname="com.Xbiom.testdatadriverscript.TestDataDriverScript" name="afterMethod" time="0">
    <skipped/>
  </testcase>
  <testcase classname="com.Xbiom.testdatadriverscript.TestDataDriverScript" name="beforeMethod" time="0.001">
    <skipped/>
  </testcase>
  <testcase classname="com.Xbiom.testdatadriverscript.TestDataDriverScript" name="testLogin" time="0">
    <skipped/>
  </testcase>
  <testcase classname="com.Xbiom.testdatadriverscript.TestDataDriverScript" name="afterMethod" time="0.005">
    <skipped/>
  </testcase>
  <testcase classname="com.Xbiom.testdatadriverscript.TestDataDriverScript" name="beforeMethod" time="0.005">
    <skipped/>
  </testcase>
  <testcase classname="com.Xbiom.testdatadriverscript.TestDataDriverScript" name="testLogin" time="0">
    <skipped/>
  </testcase>
  <testcase classname="com.Xbiom.testdatadriverscript.TestDataDriverScript" name="afterMethod" time="0.001">
    <skipped/>
  </testcase>
  <testcase classname="com.Xbiom.testdatadriverscript.TestDataDriverScript" name="beforeMethod" time="0.001">
    <skipped/>
  </testcase>
  <testcase classname="com.Xbiom.testdatadriverscript.TestDataDriverScript" name="testLogin" time="0">
    <skipped/>
  </testcase>
  <testcase classname="com.Xbiom.testdatadriverscript.TestDataDriverScript" name="afterMethod" time="0.004">
    <skipped/>
  </testcase>
  <testcase classname="com.Xbiom.testdatadriverscript.TestDataDriverScript" name="beforeMethod" time="0.018">
    <skipped/>
  </testcase>
  <testcase classname="com.Xbiom.testdatadriverscript.TestDataDriverScript" name="testLogin" time="0.001">
    <skipped/>
  </testcase>
  <testcase classname="com.Xbiom.testdatadriverscript.TestDataDriverScript" name="afterMethod" time="0.002">
    <skipped/>
  </testcase>
  <testcase classname="com.Xbiom.testdatadriverscript.TestDataDriverScript" name="beforeMethod" time="0.004">
    <skipped/>
  </testcase>
  <testcase classname="com.Xbiom.testdatadriverscript.TestDataDriverScript" name="testLogin" time="0.002">
    <skipped/>
  </testcase>
  <testcase classname="com.Xbiom.testdatadriverscript.TestDataDriverScript" name="afterMethod" time="0.005">
    <skipped/>
  </testcase>
</testsuite>